# JRE version: OpenJDK Runtime Environment (8.0_152-b01) (build 1.8.0_152-release-915-b01)
# Java VM: OpenJDK 64-Bit Server VM (25.152-b01 mixed mode windows-amd64 compressed oops)
Heap:
 PSYoungGen      total 315392K, used 132954K [0x00000000e0000000, 0x00000000f5900000, 0x0000000100000000)
  eden space 282624K, 38% used [0x00000000e0000000,0x00000000e69c1090,0x00000000f1400000)
  from space 32768K, 75% used [0x00000000f3580000,0x00000000f4d95a80,0x00000000f5580000)
  to   space 34304K, 0% used [0x00000000f1400000,0x00000000f1400000,0x00000000f3580000)
 ParOldGen       total 118784K, used 103975K [0x00000000a0000000, 0x00000000a7400000, 0x00000000e0000000)
  object space 118784K, 87% used [0x00000000a0000000,0x00000000a6589eb8,0x00000000a7400000)
 Metaspace       used 105692K, capacity 118508K, committed 118784K, reserved 1150976K
  class space    used 13335K, capacity 16860K, committed 16896K, reserved 1048576K
GC Heap History (10 events):
Event: 12937.738 GC heap before
{Heap before GC invocations=188 (full 4):
 PSYoungGen      total 204800K, used 183976K [0x00000000e0000000, 0x00000000f0380000, 0x0000000100000000)
  eden space 173568K, 99% used [0x00000000e0000000,0x00000000ea8ee2e0,0x00000000ea980000)
  from space 31232K, 35% used [0x00000000ea980000,0x00000000eb43be68,0x00000000ec800000)
  to   space 30208K, 0% used [0x00000000ee600000,0x00000000ee600000,0x00000000f0380000)
 ParOldGen       total 118784K, used 96814K [0x00000000a0000000, 0x00000000a7400000, 0x00000000e0000000)
  object space 118784K, 81% used [0x00000000a0000000,0x00000000a5e8ba60,0x00000000a7400000)
 Metaspace       used 87998K, capacity 100340K, committed 100992K, reserved 1136640K
  class space    used 11148K, capacity 14530K, committed 14720K, reserved 1048576K
Event: 12937.774 GC heap after
Heap after GC invocations=188 (full 4):
 PSYoungGen      total 236032K, used 10167K [0x00000000e0000000, 0x00000000f0380000, 0x0000000100000000)
  eden space 205824K, 0% used [0x00000000e0000000,0x00000000e0000000,0x00000000ec900000)
  from space 30208K, 33% used [0x00000000ee600000,0x00000000eefedf00,0x00000000f0380000)
  to   space 29696K, 0% used [0x00000000ec900000,0x00000000ec900000,0x00000000ee600000)
 ParOldGen       total 118784K, used 97400K [0x00000000a0000000, 0x00000000a7400000, 0x00000000e0000000)
  object space 118784K, 81% used [0x00000000a0000000,0x00000000a5f1e2d8,0x00000000a7400000)
 Metaspace       used 87998K, capacity 100340K, committed 100992K, reserved 1136640K
  class space    used 11148K, capacity 14530K, committed 14720K, reserved 1048576K
}
Event: 13292.009 GC heap before
{Heap before GC invocations=189 (full 4):
 PSYoungGen      total 236032K, used 215991K [0x00000000e0000000, 0x00000000f0380000, 0x0000000100000000)
  eden space 205824K, 100% used [0x00000000e0000000,0x00000000ec900000,0x00000000ec900000)
  from space 30208K, 33% used [0x00000000ee600000,0x00000000eefedf00,0x00000000f0380000)
  to   space 29696K, 0% used [0x00000000ec900000,0x00000000ec900000,0x00000000ee600000)
 ParOldGen       total 118784K, used 97400K [0x00000000a0000000, 0x00000000a7400000, 0x00000000e0000000)
  object space 118784K, 81% used [0x00000000a0000000,0x00000000a5f1e2d8,0x00000000a7400000)
 Metaspace       used 88252K, capacity 100750K, committed 101376K, reserved 1136640K
  class space    used 11176K, capacity 14647K, committed 14848K, reserved 1048576K
Event: 13292.047 GC heap after
Heap after GC invocations=189 (full 4):
 PSYoungGen      total 235520K, used 11473K [0x00000000e0000000, 0x00000000f2600000, 0x0000000100000000)
  eden space 205824K, 0% used [0x00000000e0000000,0x00000000e0000000,0x00000000ec900000)
  from space 29696K, 38% used [0x00000000ec900000,0x00000000ed434788,0x00000000ee600000)
  to   space 28672K, 0% used [0x00000000f0a00000,0x00000000f0a00000,0x00000000f2600000)
 ParOldGen       total 118784K, used 99114K [0x00000000a0000000, 0x00000000a7400000, 0x00000000e0000000)
  object space 118784K, 83% used [0x00000000a0000000,0x00000000a60caaf8,0x00000000a7400000)
 Metaspace       used 88252K, capacity 100750K, committed 101376K, reserved 1136640K
  class space    used 11176K, capacity 14647K, committed 14848K, reserved 1048576K
}
Event: 13313.537 GC heap before
{Heap before GC invocations=190 (full 4):
 PSYoungGen      total 235520K, used 217297K [0x00000000e0000000, 0x00000000f2600000, 0x0000000100000000)
  eden space 205824K, 100% used [0x00000000e0000000,0x00000000ec900000,0x00000000ec900000)
  from space 29696K, 38% used [0x00000000ec900000,0x00000000ed434788,0x00000000ee600000)
  to   space 28672K, 0% used [0x00000000f0a00000,0x00000000f0a00000,0x00000000f2600000)
 ParOldGen       total 118784K, used 99114K [0x00000000a0000000, 0x00000000a7400000, 0x00000000e0000000)
  object space 118784K, 83% used [0x00000000a0000000,0x00000000a60caaf8,0x00000000a7400000)
 Metaspace       used 93881K, capacity 106410K, committed 106752K, reserved 1140736K
  class space    used 11734K, capacity 15191K, committed 15360K, reserved 1048576K
Event: 13313.559 GC heap after
Heap after GC invocations=190 (full 4):
 PSYoungGen      total 268288K, used 12852K [0x00000000e0000000, 0x00000000f2300000, 0x0000000100000000)
  eden space 242688K, 0% used [0x00000000e0000000,0x00000000e0000000,0x00000000eed00000)
  from space 25600K, 50% used [0x00000000f0a00000,0x00000000f168d348,0x00000000f2300000)
  to   space 27648K, 0% used [0x00000000eed00000,0x00000000eed00000,0x00000000f0800000)
 ParOldGen       total 118784K, used 99701K [0x00000000a0000000, 0x00000000a7400000, 0x00000000e0000000)
  object space 118784K, 83% used [0x00000000a0000000,0x00000000a615d5d0,0x00000000a7400000)
 Metaspace       used 93881K, capacity 106410K, committed 106752K, reserved 1140736K
  class space    used 11734K, capacity 15191K, committed 15360K, reserved 1048576K
}
Event: 13317.731 GC heap before
{Heap before GC invocations=191 (full 4):
 PSYoungGen      total 268288K, used 232391K [0x00000000e0000000, 0x00000000f2300000, 0x0000000100000000)
  eden space 242688K, 90% used [0x00000000e0000000,0x00000000ed6649b0,0x00000000eed00000)
  from space 25600K, 50% used [0x00000000f0a00000,0x00000000f168d348,0x00000000f2300000)
  to   space 27648K, 0% used [0x00000000eed00000,0x00000000eed00000,0x00000000f0800000)
 ParOldGen       total 118784K, used 99701K [0x00000000a0000000, 0x00000000a7400000, 0x00000000e0000000)
  object space 118784K, 83% used [0x00000000a0000000,0x00000000a615d5d0,0x00000000a7400000)
 Metaspace       used 103833K, capacity 116552K, committed 116736K, reserved 1148928K
  class space    used 13077K, capacity 16568K, committed 16640K, reserved 1048576K
Event: 13317.776 GC heap after
Heap after GC invocations=191 (full 4):
 PSYoungGen      total 270336K, used 27637K [0x00000000e0000000, 0x00000000f5580000, 0x0000000100000000)
  eden space 242688K, 0% used [0x00000000e0000000,0x00000000e0000000,0x00000000eed00000)
  from space 27648K, 99% used [0x00000000eed00000,0x00000000f07fd400,0x00000000f0800000)
  to   space 32768K, 0% used [0x00000000f3580000,0x00000000f3580000,0x00000000f5580000)
 ParOldGen       total 118784K, used 103831K [0x00000000a0000000, 0x00000000a7400000, 0x00000000e0000000)
  object space 118784K, 87% used [0x00000000a0000000,0x00000000a6565eb8,0x00000000a7400000)
 Metaspace       used 103833K, capacity 116552K, committed 116736K, reserved 1148928K
  class space    used 13077K, capacity 16568K, committed 16640K, reserved 1048576K
}
Event: 13318.149 GC heap before
{Heap before GC invocations=192 (full 4):
 PSYoungGen      total 270336K, used 262416K [0x00000000e0000000, 0x00000000f5580000, 0x0000000100000000)
  eden space 242688K, 96% used [0x00000000e0000000,0x00000000ee546e40,0x00000000eed00000)
  from space 27648K, 99% used [0x00000000eed00000,0x00000000f07fd400,0x00000000f0800000)
  to   space 32768K, 0% used [0x00000000f3580000,0x00000000f3580000,0x00000000f5580000)
 ParOldGen       total 118784K, used 103831K [0x00000000a0000000, 0x00000000a7400000, 0x00000000e0000000)
  object space 118784K, 87% used [0x00000000a0000000,0x00000000a6565eb8,0x00000000a7400000)
 Metaspace       used 105179K, capacity 118004K, committed 118272K, reserved 1150976K
  class space    used 13253K, capacity 16760K, committed 16896K, reserved 1048576K
Event: 13318.199 GC heap after
Heap after GC invocations=192 (full 4):
 PSYoungGen      total 315392K, used 24662K [0x00000000e0000000, 0x00000000f5900000, 0x0000000100000000)
  eden space 282624K, 0% used [0x00000000e0000000,0x00000000e0000000,0x00000000f1400000)
  from space 32768K, 75% used [0x00000000f3580000,0x00000000f4d95a80,0x00000000f5580000)
  to   space 34304K, 0% used [0x00000000f1400000,0x00000000f1400000,0x00000000f3580000)
 ParOldGen       total 118784K, used 103975K [0x00000000a0000000, 0x00000000a7400000, 0x00000000e0000000)
  object space 118784K, 87% used [0x00000000a0000000,0x00000000a6589eb8,0x00000000a7400000)
 Metaspace       used 105179K, capacity 118004K, committed 118272K, reserved 1150976K
  class space    used 13253K, capacity 16760K, committed 16896K, reserved 1048576K
}

